[2020.02.29-17.21.06:819][  0]Log file open, 02/29/20 17:21:06
[2020.02.29-17.21.06:819][  0]ARK Version: 306.78
[2020.02.29-17.21.06:819][  0]PID: 53500
[2020.02.29-17.27.23:511][  0]Primal Game Data Took 375.13 seconds
[2020.02.29-17.27.43:480][  0]*** Running raw sockets and new net code ***
[2020.02.29-17.30.35:271][  0]Server: "ARK #808716" has successfully started!
[2020.02.29-17.30.43:174][  0]Commandline:  Genesis?bRawSockets?MaxPlayers=12?MultiHome=185.239.239.243?Port=27202?QueryPort=27200?RCONEnabled=True?RCONPort=27203?PreventDownloadSurvivors=?PreventDownloadItems=?PreventDownloadDinos=?PreventUploadSurvivors=?PreventUploadItems=?PreventUploadDinos=?AllowFlyerCarryPvE=true -nonetthreading -NoBattlEye -servergamelogincludetribelogs -culture=de -servergamelog -automanagedmods
[2020.02.29-17.30.43:174][  0]Full Startup: 581.29 seconds (BP compile: 0.00 seconds)
[2020.02.29-17.30.43:174][  0]Number of cores 4
[2020.02.29-17.31.04:209][552]2020.02.29_17.31.04: Lully ist diesem ARK beigetreten!
[2020.02.29-17.33.11:682][159]2020.02.29_17.33.11: [YT] TheGameMast... ist diesem ARK beigetreten!
[2020.02.29-17.40.37:057][ 74]2020.02.29_17.40.37: Karl - Level 1 () wurde von eine/einen X-Raptor - Level 170 () getötet!
[2020.02.29-17.42.14:099][881]2020.02.29_17.42.14: Lully - Level 1 () wurde von eine/einen Beelzebufo - Level 40 () getötet!
[2020.02.29-17.42.26:050][232]2020.02.29_17.42.26: Karl - Level 1 () wurde von eine/einen Titanomyrma Soldat - Level 110 () getötet!
[2020.02.29-17.42.43:452][745]2020.02.29_17.42.43: Lully - Level 1 () wurde von eine/einen X-Raptor - Level 40 () getötet!
[2020.02.29-17.42.59:608][126]2020.02.29_17.42.59: [YT] TheGameMast... hat diesen ARK verlassen!
[2020.02.29-17.43.05:069][286]2020.02.29_17.43.05: Lully - Level 1 () wurde von eine/einen Kaprosuchus - Level 100 () getötet!
[2020.02.29-17.43.30:643][ 30]2020.02.29_17.43.30: Lully - Level 1 () wurde von eine/einen Sarco - Level 190 () getötet!
[2020.02.29-17.43.51:242][618]2020.02.29_17.43.51: Lully - Level 1 () wurde von eine/einen Pachyrhinosaurus - Level 30 () getötet!
[2020.02.29-17.44.35:853][916]2020.02.29_17.44.35: Lully - Level 1 () wurde von eine/einen Baryonyx - Level 190 () getötet!
[2020.02.29-17.45.18:141][121]2020.02.29_17.45.18: [YT] TheGameMast... ist diesem ARK beigetreten!
[2020.02.29-17.46.51:264][359]2020.02.29_17.46.51: Stamm Stamm von Karl, ID 1378634226: Day 1, 12:18:45: <RichColor Color="0, 1, 1, 1">Karl was added to the Tribe!</>)
[2020.02.29-17.46.54:690][431]2020.02.29_17.46.54: Stamm Stamm von Karl, ID 1378634226: Day 1, 12:19:22: <RichColor Color="0, 1, 1, 1">Lully was added to the Tribe by Karl!</>)
[2020.02.29-17.48.40:083][383]2020.02.29_17.48.40: Stamm Stamm von Karl, ID 1378634226: Day 1, 12:38:41: <RichColor Color="1, 0, 0, 1">Tribemember Karl - Level 2 was killed by eine/einen Titanomyrma Soldat - Level 260!</>)
[2020.02.29-17.48.40:083][383]2020.02.29_17.48.40: Karl - Level 2 (Stamm von Karl) wurde von eine/einen Titanomyrma Soldat - Level 260 () getötet!
[2020.02.29-17.49.25:911][693]2020.02.29_17.49.25: Stamm Stamm von Karl, ID 1378634226: Day 1, 12:47:00: <RichColor Color="1, 0, 0, 1">Tribemember Lully - Level 2 was killed by eine/einen Titanomyrma Soldat - Level 110!</>)
[2020.02.29-17.49.25:911][693]2020.02.29_17.49.25: Lully - Level 2 (Stamm von Karl) wurde von eine/einen Titanomyrma Soldat - Level 110 () getötet!
[2020.02.29-18.11.35:660][582]2020.02.29_18.11.35: Stamm Stamm von Karl, ID 1378634226: Day 1, 16:49:22: <RichColor Color="1, 0, 0, 1">Tribemember Lully - Level 8 was killed by eine/einen Kaprosuchus - Level 170!</>)
[2020.02.29-18.11.35:660][582]2020.02.29_18.11.35: Lully - Level 8 (Stamm von Karl) wurde von eine/einen Kaprosuchus - Level 170 () getötet!
[2020.02.29-18.11.42:589][786]2020.02.29_18.11.42: Stamm Stamm von Karl, ID 1378634226: Day 1, 16:50:38: <RichColor Color="1, 0, 0, 1">Tribemember Karl - Level 7 was killed by eine/einen Kaprosuchus - Level 170!</>)
[2020.02.29-18.11.42:589][786]2020.02.29_18.11.42: Karl - Level 7 (Stamm von Karl) wurde von eine/einen Kaprosuchus - Level 170 () getötet!
[2020.02.29-18.13.08:385][230]2020.02.29_18.13.08: Stamm Stamm von Karl, ID 1378634226: Day 1, 17:06:02: <RichColor Color="1, 0, 0, 1">Tribemember Lully - Level 8 was killed by eine/einen Kaprosuchus - Level 30!</>)
[2020.02.29-18.13.08:385][230]2020.02.29_18.13.08: Lully - Level 8 (Stamm von Karl) wurde von eine/einen Kaprosuchus - Level 30 () getötet!
[2020.02.29-18.13.10:850][303]2020.02.29_18.13.10: Stamm Stamm von Karl, ID 1378634226: Day 1, 17:06:29: <RichColor Color="1, 0, 0, 1">Tribemember Karl - Level 7 was killed by eine/einen Titanomyrma Soldat - Level 200!</>)
[2020.02.29-18.13.10:850][303]2020.02.29_18.13.10: Karl - Level 7 (Stamm von Karl) wurde von eine/einen Titanomyrma Soldat - Level 200 () getötet!
[2020.02.29-18.14.06:814][950]2020.02.29_18.14.06: Stamm Stamm von Karl, ID 1378634226: Day 1, 17:16:45: <RichColor Color="1, 0, 0, 1">Tribemember Lully - Level 8 was killed by eine/einen Terrorvogel - Level 110!</>)
[2020.02.29-18.14.06:814][950]2020.02.29_18.14.06: Lully - Level 8 (Stamm von Karl) wurde von eine/einen Terrorvogel - Level 110 () getötet!
[2020.02.29-18.15.04:297][607]2020.02.29_18.15.04: Stamm Stamm von Karl, ID 1378634226: Day 1, 17:27:13: <RichColor Color="1, 0, 0, 1">Tribemember Lully - Level 8 was killed by eine/einen Kaprosuchus - Level 30!</>)
[2020.02.29-18.15.04:297][607]2020.02.29_18.15.04: Lully - Level 8 (Stamm von Karl) wurde von eine/einen Kaprosuchus - Level 30 () getötet!
[2020.02.29-18.15.49:029][918]2020.02.29_18.15.49: Stamm Stamm von Karl, ID 1378634226: Day 1, 17:35:25: <RichColor Color="1, 0, 0, 1">Tribemember Lully - Level 8 was killed by ein Insektenschwarm - Level 50!</>)
[2020.02.29-18.15.49:030][918]2020.02.29_18.15.49: Lully - Level 8 (Stamm von Karl) wurde von ein Insektenschwarm - Level 50 () getötet!
[2020.02.29-18.16.20:031][685]2020.02.29_18.16.20: Stamm Stamm von Karl, ID 1378634226: Day 1, 17:41:05: <RichColor Color="1, 0, 0, 1">Tribemember Lully - Level 8 was killed by eine/einen X-Raptor - Level 180!</>)
[2020.02.29-18.16.20:031][685]2020.02.29_18.16.20: Lully - Level 8 (Stamm von Karl) wurde von eine/einen X-Raptor - Level 180 () getötet!
[2020.02.29-18.16.45:714][210]2020.02.29_18.16.45: Stamm Stamm von Karl, ID 1378634226: Day 1, 17:45:47: <RichColor Color="1, 0, 0, 1">Tribemember Lully - Level 8 was killed by eine/einen X-Raptor - Level 180!</>)
[2020.02.29-18.16.45:714][210]2020.02.29_18.16.45: Lully - Level 8 (Stamm von Karl) wurde von eine/einen X-Raptor - Level 180 () getötet!
[2020.02.29-18.17.17:003][822]2020.02.29_18.17.17: Stamm Stamm von Karl, ID 1378634226: Day 1, 17:51:25: <RichColor Color="1, 0, 0, 1">Tribemember Karl - Level 7 was killed by eine/einen Titanomyrma Soldat - Level 110!</>)
[2020.02.29-18.17.17:004][822]2020.02.29_18.17.17: Karl - Level 7 (Stamm von Karl) wurde von eine/einen Titanomyrma Soldat - Level 110 () getötet!
[2020.02.29-18.17.44:391][562]2020.02.29_18.17.44: Stamm Stamm von Karl, ID 1378634226: Day 1, 17:56:27: <RichColor Color="1, 0, 0, 1">Tribemember Lully - Level 8 was killed by eine/einen X-Raptor - Level 290!</>)
[2020.02.29-18.17.44:391][562]2020.02.29_18.17.44: Lully - Level 8 (Stamm von Karl) wurde von eine/einen X-Raptor - Level 290 () getötet!
[2020.02.29-18.19.36:228][823]2020.02.29_18.19.36: Stamm Stamm von Karl, ID 1378634226: Day 1, 18:16:50: <RichColor Color="1, 0, 0, 1">Tribemember Lully - Level 8 was killed by ein Insektenschwarm - Level 280!</>)
[2020.02.29-18.19.36:228][823]2020.02.29_18.19.36: Lully - Level 8 (Stamm von Karl) wurde von ein Insektenschwarm - Level 280 () getötet!
[2020.02.29-18.20.16:606][ 15]2020.02.29_18.20.16: Stamm Stamm von Karl, ID 1378634226: Day 1, 18:24:15: <RichColor Color="1, 0, 0, 1">Tribemember Lully - Level 8 was killed by eine/einen Baryonyx - Level 200!</>)
[2020.02.29-18.20.16:606][ 15]2020.02.29_18.20.16: Lully - Level 8 (Stamm von Karl) wurde von eine/einen Baryonyx - Level 200 () getötet!
[2020.02.29-18.21.18:039][787]2020.02.29_18.21.18: Stamm Stamm von Karl, ID 1378634226: Day 1, 18:35:23: <RichColor Color="1, 0, 0, 1">Tribemember Karl - Level 7 was killed by eine/einen X-Raptor - Level 190!</>)
[2020.02.29-18.21.18:039][787]2020.02.29_18.21.18: Karl - Level 7 (Stamm von Karl) wurde von eine/einen X-Raptor - Level 190 () getötet!
[2020.02.29-18.22.52:207][327]2020.02.29_18.22.52: Stamm Stamm von Karl, ID 1378634226: Day 1, 18:52:38: <RichColor Color="1, 0, 0, 1">Tribemember Lully - Level 8 was killed by eine/einen Kaprosuchus - Level 290!</>)
[2020.02.29-18.22.52:207][327]2020.02.29_18.22.52: Lully - Level 8 (Stamm von Karl) wurde von eine/einen Kaprosuchus - Level 290 () getötet!
[2020.02.29-18.23.43:085][391]2020.02.29_18.23.43: Stamm Stamm von Karl, ID 1378634226: Day 1, 19:01:51: <RichColor Color="1, 0, 0, 1">Tribemember Karl - Level 7 was killed by eine/einen Dornteufel - Level 50!</>)
[2020.02.29-18.23.43:085][391]2020.02.29_18.23.43: Karl - Level 7 (Stamm von Karl) wurde von eine/einen Dornteufel - Level 50 () getötet!
[2020.02.29-18.27.16:491][420]2020.02.29_18.27.16: Stamm Stamm von Karl, ID 1378634226: Day 1, 19:40:43: <RichColor Color="1, 0, 0, 1">Tribemember Karl - Level 7 was killed by eine/einen Magmasaurus - Level 110!</>)
[2020.02.29-18.27.16:491][420]2020.02.29_18.27.16: Karl - Level 7 (Stamm von Karl) wurde von eine/einen Magmasaurus - Level 110 () getötet!
[2020.02.29-18.27.53:711][450]2020.02.29_18.27.53: Stamm Stamm von Karl, ID 1378634226: Day 1, 19:47:16: <RichColor Color="1, 0, 0, 1">Tribemember Lully - Level 8 was killed by eine/einen X-Allosaurus - Level 170!</>)
[2020.02.29-18.27.53:711][450]2020.02.29_18.27.53: Lully - Level 8 (Stamm von Karl) wurde von eine/einen X-Allosaurus - Level 170 () getötet!
[2020.02.29-18.28.13:805][ 41]2020.02.29_18.28.13: Stamm Stamm von Karl, ID 1378634226: Day 1, 19:50:57: <RichColor Color="1, 0, 0, 1">Tribemember Lully - Level 8 was killed by eine/einen Tek Raptor - Level 312!</>)
[2020.02.29-18.28.13:805][ 41]2020.02.29_18.28.13: Lully - Level 8 (Stamm von Karl) wurde von eine/einen Tek Raptor - Level 312 () getötet!
[2020.02.29-18.28.28:735][476]2020.02.29_18.28.28: Stamm Stamm von Karl, ID 1378634226: Day 1, 19:53:41: <RichColor Color="1, 0, 0, 1">Tribemember Karl - Level 7 was killed by eine/einen Tek Raptor - Level 192!</>)
[2020.02.29-18.28.28:735][476]2020.02.29_18.28.28: Karl - Level 7 (Stamm von Karl) wurde von eine/einen Tek Raptor - Level 192 () getötet!
[2020.02.29-18.29.15:134][805]2020.02.29_18.29.15: Stamm Stamm von Karl, ID 1378634226: Day 1, 20:02:05: <RichColor Color="1, 0, 0, 1">Tribemember Lully - Level 8 was killed by eine/einen Tek Raptor - Level 36!</>)
[2020.02.29-18.29.15:134][805]2020.02.29_18.29.15: Lully - Level 8 (Stamm von Karl) wurde von eine/einen Tek Raptor - Level 36 () getötet!
[2020.02.29-18.29.52:120][891]2020.02.29_18.29.52: Stamm Stamm von Karl, ID 1378634226: Day 1, 20:08:51: <RichColor Color="1, 0, 0, 1">Tribemember Karl - Level 7 was killed!</>)
[2020.02.29-18.29.52:120][891]2020.02.29_18.29.52: Karl - Level 7 (Stamm von Karl) wurde getötet!
[2020.02.29-18.30.10:624][423]2020.02.29_18.30.10: Stamm Stamm von Karl, ID 1378634226: Day 1, 20:12:15: <RichColor Color="1, 0, 0, 1">Tribemember Lully - Level 8 was killed by ein Electrophorus - Level 40!</>)
[2020.02.29-18.30.10:624][423]2020.02.29_18.30.10: Lully - Level 8 (Stamm von Karl) wurde von ein Electrophorus - Level 40 () getötet!
[2020.02.29-18.31.41:945][934]2020.02.29_18.31.41: Stamm Stamm von Karl, ID 1378634226: Day 1, 21:02:07: <RichColor Color="1, 0, 0, 1">Tribemember Karl - Level 7 was killed!</>)
[2020.02.29-18.31.41:945][934]2020.02.29_18.31.41: Karl - Level 7 (Stamm von Karl) wurde getötet!
[2020.02.29-18.31.53:664][219]2020.02.29_18.31.53: Stamm Stamm von Karl, ID 1378634226: Day 1, 21:18:49: <RichColor Color="1, 0, 0, 1">Tribemember Lully - Level 8 was killed!</>)
[2020.02.29-18.31.53:664][219]2020.02.29_18.31.53: Lully - Level 8 (Stamm von Karl) wurde getötet!
[2020.02.29-18.32.19:631][789]2020.02.29_18.32.19: [YT] TheGameMast... hat diesen ARK verlassen!
[2020.02.29-18.32.37:750][303]2020.02.29_18.32.37: Stamm Stamm von Karl, ID 1378634226: Day 1, 22:21:44: <RichColor Color="1, 0, 0, 1">Tribemember Karl - Level 7 was killed by ein Insektenschwarm - Level 170!</>)
[2020.02.29-18.32.37:750][303]2020.02.29_18.32.37: Karl - Level 7 (Stamm von Karl) wurde von ein Insektenschwarm - Level 170 () getötet!
[2020.02.29-18.33.26:538][701]2020.02.29_18.33.26: Lully hat diesen ARK verlassen!
