[2020.02.29-19.13.56:137][  0]Log file open, 02/29/20 19:13:56
[2020.02.29-19.13.56:137][  0]ARK Version: 306.78
[2020.02.29-19.13.56:137][  0]PID: 60486
[2020.02.29-19.15.09:544][  0]Primal Game Data Took 72.14 seconds
[2020.02.29-19.15.54:559][  0]*** Running raw sockets and new net code ***
[2020.02.29-19.17.49:139][  0]Server: "ARK #808716" has successfully started!
[2020.02.29-19.17.56:669][  0]Commandline:  Genesis?bRawSockets?MaxPlayers=12?MultiHome=185.239.239.243?Port=27202?QueryPort=27200?RCONEnabled=True?RCONPort=27203?PreventDownloadSurvivors=?PreventDownloadItems=?PreventDownloadDinos=?PreventUploadSurvivors=?PreventUploadItems=?PreventUploadDinos=?AllowFlyerCarryPvE=true -nonetthreading -NoBattlEye -servergamelogincludetribelogs -culture=de -servergamelog -automanagedmods
[2020.02.29-19.17.56:669][  0]Full Startup: 243.09 seconds (BP compile: 0.00 seconds)
[2020.02.29-19.17.56:669][  0]Number of cores 4
[2020.02.29-19.19.47:960][173]2020.02.29_19.19.47: [YT] TheGameMast... ist diesem ARK beigetreten!
[2020.02.29-19.20.14:308][922]2020.02.29_19.20.14: Stamm Stamm von Karl, ID 1378634226: Day 1, 20:10:46: <RichColor Color="1, 0, 0, 1">Tribemember Karl - Level 7 was killed by eine/einen Tex Rex - Level 48!</>)
[2020.02.29-19.20.14:308][922]2020.02.29_19.20.14: Karl - Level 7 (Stamm von Karl) wurde von eine/einen Tex Rex - Level 48 () getötet!
[2020.02.29-19.20.58:350][216]2020.02.29_19.20.58: Stamm Stamm von Karl, ID 1378634226: Day 1, 20:18:50: <RichColor Color="1, 0, 0, 1">Tribemember Karl - Level 7 was killed by eine/einen Titanomyrma Drohne - Level 260!</>)
[2020.02.29-19.20.58:351][216]2020.02.29_19.20.58: Karl - Level 7 (Stamm von Karl) wurde von eine/einen Titanomyrma Drohne - Level 260 () getötet!
[2020.02.29-19.21.45:468][609]2020.02.29_19.21.45: Stamm Stamm von Karl, ID 1378634226: Day 1, 20:51:08: <RichColor Color="1, 0, 0, 1">Tribemember Karl - Level 7 was killed by eine/einen Carnotaurus - Level 90!</>)
[2020.02.29-19.21.45:468][609]2020.02.29_19.21.45: Karl - Level 7 (Stamm von Karl) wurde von eine/einen Carnotaurus - Level 90 () getötet!
[2020.02.29-19.23.28:566][645]2020.02.29_19.23.28: Lully ist diesem ARK beigetreten!
[2020.02.29-19.24.05:435][701]2020.02.29_19.24.05: Stamm Stamm von Karl, ID 1378634226: Day 2, 00:09:26: <RichColor Color="1, 0, 0, 1">Tribemember Lully - Level 8 was killed by eine/einen X-Allosaurus - Level 190!</>)
[2020.02.29-19.24.05:435][701]2020.02.29_19.24.05: Lully - Level 8 (Stamm von Karl) wurde von eine/einen X-Allosaurus - Level 190 () getötet!
[2020.02.29-19.26.51:470][683]2020.02.29_19.26.51: Stamm Stamm von Karl, ID 1378634226: Day 2, 04:05:25: <RichColor Color="1, 0, 0, 1">Tribemember Karl - Level 7 was killed by eine/einen Daeodon - Level 40!</>)
[2020.02.29-19.26.51:470][683]2020.02.29_19.26.51: Karl - Level 7 (Stamm von Karl) wurde von eine/einen Daeodon - Level 40 () getötet!
[2020.02.29-19.27.13:584][189]2020.02.29_19.27.13: Stamm Stamm von Karl, ID 1378634226: Day 2, 04:37:01: <RichColor Color="1, 0, 0, 1">Tribemember Lully - Level 8 was killed by eine/einen Daeodon - Level 50!</>)
[2020.02.29-19.27.13:584][189]2020.02.29_19.27.13: Lully - Level 8 (Stamm von Karl) wurde von eine/einen Daeodon - Level 50 () getötet!
[2020.02.29-19.27.14:022][200]2020.02.29_19.27.14: Stamm Stamm von Karl, ID 1378634226: Day 2, 04:37:39: <RichColor Color="1, 0, 0, 1">Tribemember Karl - Level 7 was killed by eine/einen Baryonyx - Level 40!</>)
[2020.02.29-19.27.14:022][200]2020.02.29_19.27.14: Karl - Level 7 (Stamm von Karl) wurde von eine/einen Baryonyx - Level 40 () getötet!
[2020.02.29-19.27.35:983][834]2020.02.29_19.27.35: Stamm Stamm von Karl, ID 1378634226: Day 2, 05:08:58: <RichColor Color="1, 0, 0, 1">Tribemember Lully - Level 8 was killed by eine/einen Baryonyx - Level 40!</>)
[2020.02.29-19.27.35:983][834]2020.02.29_19.27.35: Lully - Level 8 (Stamm von Karl) wurde von eine/einen Baryonyx - Level 40 () getötet!
[2020.02.29-19.30.36:746][125]2020.02.29_19.30.36: Stamm Stamm von Karl, ID 1378634226: Day 2, 05:47:07: <RichColor Color="1, 0, 0, 1">Tribemember Karl - Level 7 was killed by eine/einen Sarco - Level 50!</>)
[2020.02.29-19.30.36:746][125]2020.02.29_19.30.36: Karl - Level 7 (Stamm von Karl) wurde von eine/einen Sarco - Level 50 () getötet!
[2020.02.29-19.32.50:892][901]2020.02.29_19.32.50: Stamm Stamm von Karl, ID 1378634226: Day 2, 06:11:15: <RichColor Color="1, 0, 0, 1">Tribemember Lully - Level 8 was killed by eine/einen Sarco - Level 190!</>)
[2020.02.29-19.32.50:892][901]2020.02.29_19.32.50: Lully - Level 8 (Stamm von Karl) wurde von eine/einen Sarco - Level 190 () getötet!
[2020.02.29-19.33.30:861][719]2020.02.29_19.33.30: Stamm Stamm von Karl, ID 1378634226: Day 2, 06:18:33: <RichColor Color="1, 0, 0, 1">Tribemember Karl - Level 7 was killed by eine/einen X-Raptor - Level 190!</>)
[2020.02.29-19.33.30:861][719]2020.02.29_19.33.30: Karl - Level 7 (Stamm von Karl) wurde von eine/einen X-Raptor - Level 190 () getötet!
[2020.02.29-19.33.39:526][868]2020.02.29_19.33.39: Stamm Stamm von Karl, ID 1378634226: Day 2, 06:20:09: <RichColor Color="1, 0, 0, 1">Tribemember Lully - Level 8 was killed by eine/einen Baryonyx - Level 50!</>)
[2020.02.29-19.33.39:527][868]2020.02.29_19.33.39: Lully - Level 8 (Stamm von Karl) wurde von eine/einen Baryonyx - Level 50 () getötet!
[2020.02.29-19.33.58:741][222]2020.02.29_19.33.58: Stamm Stamm von Karl, ID 1378634226: Day 2, 06:23:40: <RichColor Color="1, 0, 0, 1">Tribemember Karl - Level 7 was killed by eine/einen Carnotaurus - Level 290!</>)
[2020.02.29-19.33.58:741][222]2020.02.29_19.33.58: Karl - Level 7 (Stamm von Karl) wurde von eine/einen Carnotaurus - Level 290 () getötet!
[2020.02.29-19.43.57:896][633]2020.02.29_19.43.57: Stamm Stamm von Karl, ID 1378634226: Day 2, 08:12:48: <RichColor Color="1, 0, 0, 1">Tribemember Lully - Level 10 was killed by eine/einen Terrorvogel - Level 270!</>)
[2020.02.29-19.43.57:897][633]2020.02.29_19.43.57: Lully - Level 10 (Stamm von Karl) wurde von eine/einen Terrorvogel - Level 270 () getötet!
[2020.02.29-19.46.34:230][128]2020.02.29_19.46.34: Stamm Stamm von Karl, ID 1378634226: Day 2, 08:40:57: <RichColor Color="1, 0, 0, 1">Tribemember Lully - Level 10 was killed by eine/einen Terrorvogel - Level 270!</>)
[2020.02.29-19.46.34:230][128]2020.02.29_19.46.34: Lully - Level 10 (Stamm von Karl) wurde von eine/einen Terrorvogel - Level 270 () getötet!
[2020.02.29-20.17.44:686][ 40]2020.02.29_20.17.44: Stamm Stamm von Karl, ID 1378634226: Day 2, 14:21:41: <RichColor Color="1, 0, 0, 1">Tribemember Karl - Level 16 was killed by eine/einen X-Raptor - Level 250!</>)
[2020.02.29-20.17.44:686][ 40]2020.02.29_20.17.44: Karl - Level 16 (Stamm von Karl) wurde von eine/einen X-Raptor - Level 250 () getötet!
[2020.02.29-20.19.59:044][275]2020.02.29_20.19.59: Stamm Stamm von Karl, ID 1378634226: Day 2, 14:46:13: <RichColor Color="1, 0, 0, 1">Tribemember Karl - Level 16 was killed by eine/einen X-Raptor - Level 250!</>)
[2020.02.29-20.19.59:044][275]2020.02.29_20.19.59: Karl - Level 16 (Stamm von Karl) wurde von eine/einen X-Raptor - Level 250 () getötet!
[2020.02.29-20.21.11:856][203]2020.02.29_20.21.11: Stamm Stamm von Karl, ID 1378634226: Day 2, 14:59:29: <RichColor Color="1, 0, 0, 1">Tribemember Karl - Level 16 was killed by eine/einen X-Raptor - Level 50!</>)
[2020.02.29-20.21.11:856][203]2020.02.29_20.21.11: Karl - Level 16 (Stamm von Karl) wurde von eine/einen X-Raptor - Level 50 () getötet!
[2020.02.29-20.23.13:823][662]2020.02.29_20.23.13: Stamm Stamm von Karl, ID 1378634226: Day 2, 15:21:46: <RichColor Color="1, 0, 0, 1">Tribemember Karl - Level 16 was killed!</>)
[2020.02.29-20.23.13:823][662]2020.02.29_20.23.13: Karl - Level 16 (Stamm von Karl) wurde getötet!
[2020.02.29-20.24.28:591][847]2020.02.29_20.24.28: Stamm Stamm von Karl, ID 1378634226: Day 2, 15:35:24: <RichColor Color="1, 0, 0, 1">Tribemember Karl - Level 16 was killed by eine/einen X-Raptor - Level 50!</>)
[2020.02.29-20.24.28:592][847]2020.02.29_20.24.28: Karl - Level 16 (Stamm von Karl) wurde von eine/einen X-Raptor - Level 50 () getötet!
[2020.02.29-20.35.16:592][851]2020.02.29_20.35.16: Stamm Stamm von Karl, ID 1378634226: Day 2, 17:33:33: <RichColor Color="1, 0, 0, 1">Tribemember Lully - Level 19 was killed by eine/einen X-Raptor - Level 200!</>)
[2020.02.29-20.35.16:592][851]2020.02.29_20.35.16: Lully - Level 19 (Stamm von Karl) wurde von eine/einen X-Raptor - Level 200 () getötet!
[2020.02.29-20.35.22:294][ 20]2020.02.29_20.35.22: Stamm Stamm von Karl, ID 1378634226: Day 2, 17:34:36: <RichColor Color="1, 0, 0, 1">Tribemember Karl - Level 17 was killed by eine/einen X-Raptor - Level 200!</>)
[2020.02.29-20.35.22:294][ 20]2020.02.29_20.35.22: Karl - Level 17 (Stamm von Karl) wurde von eine/einen X-Raptor - Level 200 () getötet!
[2020.02.29-20.52.04:999][ 44]2020.02.29_20.52.04: Stamm Stamm von Karl, ID 1378634226: Day 2, 22:09:07: <RichColor Color="1, 0, 0, 1">Tribemember Karl - Level 19 was killed by ein Insektenschwarm - Level 240!</>)
[2020.02.29-20.52.04:999][ 44]2020.02.29_20.52.04: Karl - Level 19 (Stamm von Karl) wurde von ein Insektenschwarm - Level 240 () getötet!
[2020.02.29-20.59.38:550][472]2020.02.29_20.59.38: Stamm Stamm von Karl, ID 1378634226: Day 3, 05:43:04: <RichColor Color="1, 0, 0, 1">Tribemember Karl - Level 20 was killed by eine/einen Baryonyx - Level 260!</>)
[2020.02.29-20.59.38:551][472]2020.02.29_20.59.38: Karl - Level 20 (Stamm von Karl) wurde von eine/einen Baryonyx - Level 260 () getötet!
[2020.02.29-21.14.10:128][356]2020.02.29_21.14.10: Stamm Stamm von Karl, ID 1378634226: Day 3, 08:21:41: <RichColor Color="1, 0, 0, 1">Tribemember Lully - Level 26 was killed by eine/einen Baryonyx - Level 290!</>)
[2020.02.29-21.14.10:128][356]2020.02.29_21.14.10: Lully - Level 26 (Stamm von Karl) wurde von eine/einen Baryonyx - Level 290 () getötet!
[2020.02.29-21.14.14:655][483]2020.02.29_21.14.14: Stamm Stamm von Karl, ID 1378634226: Day 3, 08:22:31: <RichColor Color="1, 0, 0, 1">Tribemember Karl - Level 22 was killed by eine/einen Baryonyx - Level 290!</>)
[2020.02.29-21.14.14:656][483]2020.02.29_21.14.14: Karl - Level 22 (Stamm von Karl) wurde von eine/einen Baryonyx - Level 290 () getötet!
[2020.02.29-21.15.38:347][902]2020.02.29_21.15.38: Stamm Stamm von Karl, ID 1378634226: Day 3, 08:37:43: <RichColor Color="1, 0, 0, 1">Tribemember Karl - Level 22 was killed by eine/einen Titanomyrma Soldat - Level 260!</>)
[2020.02.29-21.15.38:347][902]2020.02.29_21.15.38: Karl - Level 22 (Stamm von Karl) wurde von eine/einen Titanomyrma Soldat - Level 260 () getötet!
[2020.02.29-21.30.00:429][840]2020.02.29_21.30.00: Stamm Stamm von Karl, ID 1378634226: Day 3, 11:14:58: <RichColor Color="1, 0, 0, 1">Tribemember Lully - Level 29 was killed by eine/einen Terrorvogel - Level 270!</>)
[2020.02.29-21.30.00:429][840]2020.02.29_21.30.00: Lully - Level 29 (Stamm von Karl) wurde von eine/einen Terrorvogel - Level 270 () getötet!
[2020.02.29-21.43.48:309][539]2020.02.29_21.43.48: Stamm Stamm von Karl, ID 1378634226: Day 3, 13:46:05: <RichColor Color="0, 1, 0, 1">Karl Tamed ein Terrorvogel - Level 404 (Terrorvogel)!</>)
[2020.02.29-21.43.48:309][539]2020.02.29_21.43.48: Karl von Stamm Stamm von Karl hat ein Terrorvogel - Level 404 (Terrorvogel) gezähmt!
[2020.02.29-22.32.08:559][708]2020.02.29_22.32.08: Stamm Stamm von Karl, ID 1378634226: Day 4, 06:17:26: <RichColor Color="1, 0, 0, 1">Tribemember Karl - Level 29 was killed by eine/einen Carnotaurus - Level 300!</>)
[2020.02.29-22.32.08:559][708]2020.02.29_22.32.08: Karl - Level 29 (Stamm von Karl) wurde von eine/einen Carnotaurus - Level 300 () getötet!
[2020.02.29-22.35.35:370][555]2020.02.29_22.35.35: Stamm Stamm von Karl, ID 1378634226: Day 4, 06:55:03: <RichColor Color="1, 0, 0, 1">Tribemember Karl - Level 29 was killed by eine/einen Carnotaurus - Level 300!</>)
[2020.02.29-22.35.35:370][555]2020.02.29_22.35.35: Karl - Level 29 (Stamm von Karl) wurde von eine/einen Carnotaurus - Level 300 () getötet!
[2020.02.29-22.36.21:921][932]2020.02.29_22.36.21: Stamm Stamm von Karl, ID 1378634226: Day 4, 07:03:34: <RichColor Color="1, 0, 0, 1">Your 'S+ Wooden Spike Wall' was destroyed!</>)
[2020.02.29-22.37.11:019][367]2020.02.29_22.37.11: Stamm Stamm von Karl, ID 1378634226: Day 4, 07:12:30: <RichColor Color="1, 0, 0, 1">Tribemember Karl - Level 29 was killed by eine/einen Carnotaurus - Level 300!</>)
[2020.02.29-22.37.11:019][367]2020.02.29_22.37.11: Karl - Level 29 (Stamm von Karl) wurde von eine/einen Carnotaurus - Level 300 () getötet!
[2020.02.29-22.37.50:385][439]2020.02.29_22.37.50: Stamm Stamm von Karl, ID 1378634226: Day 4, 07:19:41: <RichColor Color="1, 0, 0, 1">Tribemember Karl - Level 29 was killed by eine/einen Kaprosuchus - Level 30!</>)
[2020.02.29-22.37.50:385][439]2020.02.29_22.37.50: Karl - Level 29 (Stamm von Karl) wurde von eine/einen Kaprosuchus - Level 30 () getötet!
[2020.02.29-22.40.08:089][485]2020.02.29_22.40.08: Stamm Stamm von Karl, ID 1378634226: Day 4, 07:44:46: <RichColor Color="1, 0, 0, 1">Tribemember Karl - Level 29 was killed by eine/einen Carnotaurus - Level 300!</>)
[2020.02.29-22.40.08:090][485]2020.02.29_22.40.08: Karl - Level 29 (Stamm von Karl) wurde von eine/einen Carnotaurus - Level 300 () getötet!
[2020.02.29-22.40.55:063][870]2020.02.29_22.40.55: Stamm Stamm von Karl, ID 1378634226: Day 4, 07:53:21: <RichColor Color="1, 0, 0, 1">Tribemember Karl - Level 29 was killed by eine/einen Carnotaurus - Level 300!</>)
[2020.02.29-22.40.55:063][870]2020.02.29_22.40.55: Karl - Level 29 (Stamm von Karl) wurde von eine/einen Carnotaurus - Level 300 () getötet!
[2020.02.29-22.59.19:160][461]2020.02.29_22.59.19: Stamm Stamm von Karl, ID 1378634226: Day 4, 11:14:33: <RichColor Color="0, 1, 0, 1">Karl Tamed ein Carnotaurus - Level 448 (Carnotaurus)!</>)
[2020.02.29-22.59.19:160][461]2020.02.29_22.59.19: Karl von Stamm Stamm von Karl hat ein Carnotaurus - Level 448 (Carnotaurus) gezähmt!
[2020.02.29-23.09.15:359][701]2020.02.29_23.09.15: Stamm Stamm von Karl, ID 1378634226: Day 4, 13:03:13: <RichColor Color="1, 1, 0, 1">Karl demolished a 'S+ Wood Double Door (Verschlossen) '!</>)
[2020.02.29-23.09.23:881][944]2020.02.29_23.09.23: Stamm Stamm von Karl, ID 1378634226: Day 4, 13:04:47: <RichColor Color="1, 1, 0, 1">Karl demolished a 'S+ Wood Double Door (Verschlossen) '!</>)
[2020.02.29-23.10.42:255][177]2020.02.29_23.10.42: Stamm Stamm von Karl, ID 1378634226: Day 4, 13:19:09: <RichColor Color="1, 0, 0, 1">Tribemember Karl - Level 31 was killed by eine/einen Baryonyx - Level 260!</>)
[2020.02.29-23.10.42:255][177]2020.02.29_23.10.42: Karl - Level 31 (Stamm von Karl) wurde von eine/einen Baryonyx - Level 260 () getötet!
[2020.02.29-23.11.02:525][740]2020.02.29_23.11.02: Stamm Stamm von Karl, ID 1378634226: Day 4, 13:22:52: <RichColor Color="1, 0, 0, 1">Tribemember Lully - Level 36 was killed by eine/einen Baryonyx - Level 260!</>)
[2020.02.29-23.11.02:525][740]2020.02.29_23.11.02: Lully - Level 36 (Stamm von Karl) wurde von eine/einen Baryonyx - Level 260 () getötet!
[2020.02.29-23.11.46:513][908]2020.02.29_23.11.46: Stamm Stamm von Karl, ID 1378634226: Day 4, 13:30:51: <RichColor Color="1, 0, 0, 1">Tribemember Lully - Level 36 was killed by eine/einen Baryonyx - Level 260!</>)
[2020.02.29-23.11.46:513][908]2020.02.29_23.11.46: Lully - Level 36 (Stamm von Karl) wurde von eine/einen Baryonyx - Level 260 () getötet!
[2020.02.29-23.12.10:071][551]2020.02.29_23.12.10: Stamm Stamm von Karl, ID 1378634226: Day 4, 13:35:10: <RichColor Color="1, 0, 0, 1">Tribemember Karl - Level 31 was killed by eine/einen Baryonyx - Level 260!</>)
[2020.02.29-23.12.10:071][551]2020.02.29_23.12.10: Karl - Level 31 (Stamm von Karl) wurde von eine/einen Baryonyx - Level 260 () getötet!
[2020.02.29-23.21.21:140][ 29]2020.02.29_23.21.21: Stamm Stamm von Karl, ID 1378634226: Day 4, 15:15:30: <RichColor Color="1, 0, 0, 1">Tribemember Karl - Level 31 was killed by eine/einen Kaprosuchus - Level 40!</>)
[2020.02.29-23.21.21:140][ 29]2020.02.29_23.21.21: Karl - Level 31 (Stamm von Karl) wurde von eine/einen Kaprosuchus - Level 40 () getötet!
[2020.02.29-23.24.12:530][678]2020.02.29_23.24.12: Stamm Stamm von Karl, ID 1378634226: Day 4, 15:46:49: <RichColor Color="1, 0, 0, 1">Tribemember Karl - Level 31 was 